[Mon Apr 23 12:17:10.490554 2018] [ssl:warn] [pid 6192:tid 764] AH01909: www.example.com:443:0 server certificate does NOT include an ID which matches the server name
[Mon Apr 23 12:17:10.555104 2018] [ssl:warn] [pid 6192:tid 764] AH01909: www.example.com:443:0 server certificate does NOT include an ID which matches the server name
[Mon Apr 23 12:17:10.892477 2018] [mpm_winnt:notice] [pid 6192:tid 764] AH00455: Apache/2.4.33 (Win32) OpenSSL/1.1.0g PHP/7.2.4 configured -- resuming normal operations
[Mon Apr 23 12:17:10.892477 2018] [mpm_winnt:notice] [pid 6192:tid 764] AH00456: Apache Lounge VC15 Server built: Mar 18 2018 11:46:10
[Mon Apr 23 12:17:10.892477 2018] [core:notice] [pid 6192:tid 764] AH00094: Command line: 'C:\\xampp\\apache\\bin\\httpd.exe -d C:/xampp/apache'
[Mon Apr 23 12:17:10.946043 2018] [mpm_winnt:notice] [pid 6192:tid 764] AH00418: Parent: Created child process 2784
[Mon Apr 23 12:17:12.254631 2018] [ssl:warn] [pid 2784:tid 664] AH01909: www.example.com:443:0 server certificate does NOT include an ID which matches the server name
[Mon Apr 23 12:17:12.318879 2018] [ssl:warn] [pid 2784:tid 664] AH01909: www.example.com:443:0 server certificate does NOT include an ID which matches the server name
[Mon Apr 23 12:17:12.553228 2018] [mpm_winnt:notice] [pid 2784:tid 664] AH00354: Child: Starting 150 worker threads.
[Mon Apr 23 12:17:56.986376 2018] [ssl:warn] [pid 16696:tid 628] AH01909: www.example.com:443:0 server certificate does NOT include an ID which matches the server name
[Mon Apr 23 12:17:57.050701 2018] [ssl:warn] [pid 16696:tid 628] AH01909: www.example.com:443:0 server certificate does NOT include an ID which matches the server name
[Mon Apr 23 12:17:57.282517 2018] [mpm_winnt:notice] [pid 16696:tid 628] AH00455: Apache/2.4.33 (Win32) OpenSSL/1.1.0g PHP/7.2.4 configured -- resuming normal operations
[Mon Apr 23 12:17:57.282517 2018] [mpm_winnt:notice] [pid 16696:tid 628] AH00456: Apache Lounge VC15 Server built: Mar 18 2018 11:46:10
[Mon Apr 23 12:17:57.282517 2018] [core:notice] [pid 16696:tid 628] AH00094: Command line: 'c:\\xampp\\apache\\bin\\httpd.exe -d C:/xampp/apache'
[Mon Apr 23 12:17:57.315096 2018] [mpm_winnt:notice] [pid 16696:tid 628] AH00418: Parent: Created child process 15668
[Mon Apr 23 12:17:58.698469 2018] [ssl:warn] [pid 15668:tid 700] AH01909: www.example.com:443:0 server certificate does NOT include an ID which matches the server name
[Mon Apr 23 12:17:58.753069 2018] [ssl:warn] [pid 15668:tid 700] AH01909: www.example.com:443:0 server certificate does NOT include an ID which matches the server name
[Mon Apr 23 12:17:58.982781 2018] [mpm_winnt:notice] [pid 15668:tid 700] AH00354: Child: Starting 150 worker threads.
[Mon Apr 23 12:20:41.347920 2018] [php7:warn] [pid 15668:tid 1928] [client ::1:50294] PHP Warning:  Use of undefined constant DB_USER - assumed 'DB_USER' (this will throw an Error in a future version of PHP) in C:\\xampp\\htdocs\\eat2go\\wordpress\\wp-includes\\load.php on line 404, referer: http://localhost/eat2go/
[Mon Apr 23 12:20:41.347920 2018] [php7:warn] [pid 15668:tid 1920] [client ::1:50293] PHP Warning:  Use of undefined constant DB_USER - assumed 'DB_USER' (this will throw an Error in a future version of PHP) in C:\\xampp\\htdocs\\eat2go\\wordpress\\wp-includes\\load.php on line 404, referer: http://localhost/eat2go/
[Mon Apr 23 12:20:41.347920 2018] [php7:warn] [pid 15668:tid 1928] [client ::1:50294] PHP Warning:  Use of undefined constant DB_PASSWORD - assumed 'DB_PASSWORD' (this will throw an Error in a future version of PHP) in C:\\xampp\\htdocs\\eat2go\\wordpress\\wp-includes\\load.php on line 404, referer: http://localhost/eat2go/
[Mon Apr 23 12:20:41.347920 2018] [php7:warn] [pid 15668:tid 1920] [client ::1:50293] PHP Warning:  Use of undefined constant DB_PASSWORD - assumed 'DB_PASSWORD' (this will throw an Error in a future version of PHP) in C:\\xampp\\htdocs\\eat2go\\wordpress\\wp-includes\\load.php on line 404, referer: http://localhost/eat2go/
[Mon Apr 23 12:20:41.347920 2018] [php7:warn] [pid 15668:tid 1928] [client ::1:50294] PHP Warning:  Use of undefined constant DB_NAME - assumed 'DB_NAME' (this will throw an Error in a future version of PHP) in C:\\xampp\\htdocs\\eat2go\\wordpress\\wp-includes\\load.php on line 404, referer: http://localhost/eat2go/
[Mon Apr 23 12:20:41.347920 2018] [php7:warn] [pid 15668:tid 1920] [client ::1:50293] PHP Warning:  Use of undefined constant DB_NAME - assumed 'DB_NAME' (this will throw an Error in a future version of PHP) in C:\\xampp\\htdocs\\eat2go\\wordpress\\wp-includes\\load.php on line 404, referer: http://localhost/eat2go/
[Mon Apr 23 12:20:41.347920 2018] [php7:warn] [pid 15668:tid 1928] [client ::1:50294] PHP Warning:  Use of undefined constant DB_HOST - assumed 'DB_HOST' (this will throw an Error in a future version of PHP) in C:\\xampp\\htdocs\\eat2go\\wordpress\\wp-includes\\load.php on line 404, referer: http://localhost/eat2go/
[Mon Apr 23 12:20:41.347920 2018] [php7:warn] [pid 15668:tid 1920] [client ::1:50293] PHP Warning:  Use of undefined constant DB_HOST - assumed 'DB_HOST' (this will throw an Error in a future version of PHP) in C:\\xampp\\htdocs\\eat2go\\wordpress\\wp-includes\\load.php on line 404, referer: http://localhost/eat2go/
[Mon Apr 23 12:20:56.884008 2018] [php7:warn] [pid 15668:tid 1912] [client ::1:50301] PHP Warning:  Use of undefined constant DB_USER - assumed 'DB_USER' (this will throw an Error in a future version of PHP) in C:\\xampp\\htdocs\\eat2go\\wordpress\\wp-includes\\load.php on line 404, referer: http://localhost/eat2go/wordpress/wp-admin/setup-config.php
[Mon Apr 23 12:20:56.884008 2018] [php7:warn] [pid 15668:tid 1912] [client ::1:50301] PHP Warning:  Use of undefined constant DB_PASSWORD - assumed 'DB_PASSWORD' (this will throw an Error in a future version of PHP) in C:\\xampp\\htdocs\\eat2go\\wordpress\\wp-includes\\load.php on line 404, referer: http://localhost/eat2go/wordpress/wp-admin/setup-config.php
[Mon Apr 23 12:20:56.885019 2018] [php7:warn] [pid 15668:tid 1912] [client ::1:50301] PHP Warning:  Use of undefined constant DB_NAME - assumed 'DB_NAME' (this will throw an Error in a future version of PHP) in C:\\xampp\\htdocs\\eat2go\\wordpress\\wp-includes\\load.php on line 404, referer: http://localhost/eat2go/wordpress/wp-admin/setup-config.php
[Mon Apr 23 12:20:56.885019 2018] [php7:warn] [pid 15668:tid 1912] [client ::1:50301] PHP Warning:  Use of undefined constant DB_HOST - assumed 'DB_HOST' (this will throw an Error in a future version of PHP) in C:\\xampp\\htdocs\\eat2go\\wordpress\\wp-includes\\load.php on line 404, referer: http://localhost/eat2go/wordpress/wp-admin/setup-config.php
[Mon Apr 23 12:23:25.490432 2018] [php7:warn] [pid 15668:tid 1928] [client ::1:50344] PHP Warning:  Use of undefined constant DB_USER - assumed 'DB_USER' (this will throw an Error in a future version of PHP) in C:\\xampp\\htdocs\\eat2go\\wordpress\\wp-includes\\load.php on line 404, referer: http://localhost/eat2go/wordpress/wp-admin/setup-config.php?step=0
[Mon Apr 23 12:23:25.490432 2018] [php7:warn] [pid 15668:tid 1928] [client ::1:50344] PHP Warning:  Use of undefined constant DB_PASSWORD - assumed 'DB_PASSWORD' (this will throw an Error in a future version of PHP) in C:\\xampp\\htdocs\\eat2go\\wordpress\\wp-includes\\load.php on line 404, referer: http://localhost/eat2go/wordpress/wp-admin/setup-config.php?step=0
[Mon Apr 23 12:23:25.490432 2018] [php7:warn] [pid 15668:tid 1928] [client ::1:50344] PHP Warning:  Use of undefined constant DB_NAME - assumed 'DB_NAME' (this will throw an Error in a future version of PHP) in C:\\xampp\\htdocs\\eat2go\\wordpress\\wp-includes\\load.php on line 404, referer: http://localhost/eat2go/wordpress/wp-admin/setup-config.php?step=0
[Mon Apr 23 12:23:25.491434 2018] [php7:warn] [pid 15668:tid 1928] [client ::1:50344] PHP Warning:  Use of undefined constant DB_HOST - assumed 'DB_HOST' (this will throw an Error in a future version of PHP) in C:\\xampp\\htdocs\\eat2go\\wordpress\\wp-includes\\load.php on line 404, referer: http://localhost/eat2go/wordpress/wp-admin/setup-config.php?step=0
[Mon Apr 23 12:24:16.615988 2018] [php7:warn] [pid 15668:tid 1920] [client ::1:50350] PHP Warning:  Use of undefined constant DB_USER - assumed 'DB_USER' (this will throw an Error in a future version of PHP) in C:\\xampp\\htdocs\\eat2go\\wordpress\\wp-includes\\load.php on line 404, referer: http://localhost/eat2go/wordpress/wp-admin/setup-config.php?step=1
[Mon Apr 23 12:24:16.615988 2018] [php7:warn] [pid 15668:tid 1920] [client ::1:50350] PHP Warning:  Use of undefined constant DB_PASSWORD - assumed 'DB_PASSWORD' (this will throw an Error in a future version of PHP) in C:\\xampp\\htdocs\\eat2go\\wordpress\\wp-includes\\load.php on line 404, referer: http://localhost/eat2go/wordpress/wp-admin/setup-config.php?step=1
[Mon Apr 23 12:24:16.615988 2018] [php7:warn] [pid 15668:tid 1920] [client ::1:50350] PHP Warning:  Use of undefined constant DB_NAME - assumed 'DB_NAME' (this will throw an Error in a future version of PHP) in C:\\xampp\\htdocs\\eat2go\\wordpress\\wp-includes\\load.php on line 404, referer: http://localhost/eat2go/wordpress/wp-admin/setup-config.php?step=1
[Mon Apr 23 12:24:16.615988 2018] [php7:warn] [pid 15668:tid 1920] [client ::1:50350] PHP Warning:  Use of undefined constant DB_HOST - assumed 'DB_HOST' (this will throw an Error in a future version of PHP) in C:\\xampp\\htdocs\\eat2go\\wordpress\\wp-includes\\load.php on line 404, referer: http://localhost/eat2go/wordpress/wp-admin/setup-config.php?step=1
[Mon Apr 23 12:24:19.854203 2018] [php7:notice] [pid 15668:tid 1920] [client ::1:50350] WordPress database error Unknown column 'wp_' in 'field list' for query SELECT wp_, referer: http://localhost/eat2go/wordpress/wp-admin/setup-config.php?step=1
[Mon Apr 23 22:41:54.369882 2018] [ssl:warn] [pid 19220:tid 864] AH01909: www.example.com:443:0 server certificate does NOT include an ID which matches the server name
[Mon Apr 23 22:41:54.427925 2018] [core:warn] [pid 19220:tid 864] AH00098: pid file C:/xampp/apache/logs/httpd.pid overwritten -- Unclean shutdown of previous Apache run?
[Mon Apr 23 22:41:54.432929 2018] [ssl:warn] [pid 19220:tid 864] AH01909: www.example.com:443:0 server certificate does NOT include an ID which matches the server name
[Mon Apr 23 22:41:54.953297 2018] [mpm_winnt:notice] [pid 19220:tid 864] AH00455: Apache/2.4.33 (Win32) OpenSSL/1.1.0g PHP/7.2.4 configured -- resuming normal operations
[Mon Apr 23 22:41:54.953297 2018] [mpm_winnt:notice] [pid 19220:tid 864] AH00456: Apache Lounge VC15 Server built: Mar 18 2018 11:46:10
[Mon Apr 23 22:41:54.953297 2018] [core:notice] [pid 19220:tid 864] AH00094: Command line: 'c:\\xampp\\apache\\bin\\httpd.exe -d C:/xampp/apache'
[Mon Apr 23 22:41:54.993326 2018] [mpm_winnt:notice] [pid 19220:tid 864] AH00418: Parent: Created child process 21488
[Mon Apr 23 22:41:56.337523 2018] [ssl:warn] [pid 21488:tid 696] AH01909: www.example.com:443:0 server certificate does NOT include an ID which matches the server name
[Mon Apr 23 22:41:56.394564 2018] [ssl:warn] [pid 21488:tid 696] AH01909: www.example.com:443:0 server certificate does NOT include an ID which matches the server name
[Mon Apr 23 22:41:56.638738 2018] [mpm_winnt:notice] [pid 21488:tid 696] AH00354: Child: Starting 150 worker threads.
[Tue Apr 24 01:42:10.115191 2018] [mpm_winnt:crit] [pid 21488:tid 696] AH02538: Child: Parent process exited abruptly. Child process is ending
[Tue Apr 24 10:39:21.064473 2018] [ssl:warn] [pid 15180:tid 684] AH01909: www.example.com:443:0 server certificate does NOT include an ID which matches the server name
[Tue Apr 24 10:39:21.120513 2018] [core:warn] [pid 15180:tid 684] AH00098: pid file C:/xampp/apache/logs/httpd.pid overwritten -- Unclean shutdown of previous Apache run?
[Tue Apr 24 10:39:21.126517 2018] [ssl:warn] [pid 15180:tid 684] AH01909: www.example.com:443:0 server certificate does NOT include an ID which matches the server name
[Tue Apr 24 10:39:21.602857 2018] [mpm_winnt:notice] [pid 15180:tid 684] AH00455: Apache/2.4.33 (Win32) OpenSSL/1.1.0g PHP/7.2.4 configured -- resuming normal operations
[Tue Apr 24 10:39:21.602857 2018] [mpm_winnt:notice] [pid 15180:tid 684] AH00456: Apache Lounge VC15 Server built: Mar 18 2018 11:46:10
[Tue Apr 24 10:39:21.602857 2018] [core:notice] [pid 15180:tid 684] AH00094: Command line: 'c:\\xampp\\apache\\bin\\httpd.exe -d C:/xampp/apache'
[Tue Apr 24 10:39:21.642885 2018] [mpm_winnt:notice] [pid 15180:tid 684] AH00418: Parent: Created child process 15336
[Tue Apr 24 10:39:23.007856 2018] [ssl:warn] [pid 15336:tid 588] AH01909: www.example.com:443:0 server certificate does NOT include an ID which matches the server name
[Tue Apr 24 10:39:23.061894 2018] [ssl:warn] [pid 15336:tid 588] AH01909: www.example.com:443:0 server certificate does NOT include an ID which matches the server name
[Tue Apr 24 10:39:23.295061 2018] [mpm_winnt:notice] [pid 15336:tid 588] AH00354: Child: Starting 150 worker threads.
[Tue Apr 24 12:28:06.237526 2018] [php7:error] [pid 15336:tid 1920] [client ::1:54078] PHP Fatal error:  Maximum execution time of 30 seconds exceeded in C:\\xampp\\htdocs\\eat2go\\wordpress\\wp-includes\\Requests\\Transport\\cURL.php on line 163, referer: http://localhost/eat2go/wordpress/wp-admin/
[Tue Apr 24 12:28:50.509507 2018] [mpm_winnt:notice] [pid 15180:tid 684] AH00428: Parent: child process 15336 exited with status 1073807364 -- Restarting.
[Tue Apr 24 14:18:50.853390 2018] [ssl:warn] [pid 14736:tid 880] AH01909: www.example.com:443:0 server certificate does NOT include an ID which matches the server name
[Tue Apr 24 14:18:50.924429 2018] [core:warn] [pid 14736:tid 880] AH00098: pid file C:/xampp/apache/logs/httpd.pid overwritten -- Unclean shutdown of previous Apache run?
[Tue Apr 24 14:18:50.930432 2018] [ssl:warn] [pid 14736:tid 880] AH01909: www.example.com:443:0 server certificate does NOT include an ID which matches the server name
[Tue Apr 24 14:18:51.456015 2018] [mpm_winnt:notice] [pid 14736:tid 880] AH00455: Apache/2.4.33 (Win32) OpenSSL/1.1.0g PHP/7.2.4 configured -- resuming normal operations
[Tue Apr 24 14:18:51.456015 2018] [mpm_winnt:notice] [pid 14736:tid 880] AH00456: Apache Lounge VC15 Server built: Mar 18 2018 11:46:10
[Tue Apr 24 14:18:51.456015 2018] [core:notice] [pid 14736:tid 880] AH00094: Command line: 'c:\\xampp\\apache\\bin\\httpd.exe -d C:/xampp/apache'
[Tue Apr 24 14:18:51.510033 2018] [mpm_winnt:notice] [pid 14736:tid 880] AH00418: Parent: Created child process 8816
[Tue Apr 24 14:18:54.390288 2018] [ssl:warn] [pid 8816:tid 736] AH01909: www.example.com:443:0 server certificate does NOT include an ID which matches the server name
[Tue Apr 24 14:18:54.480741 2018] [ssl:warn] [pid 8816:tid 736] AH01909: www.example.com:443:0 server certificate does NOT include an ID which matches the server name
[Tue Apr 24 14:18:54.913653 2018] [mpm_winnt:notice] [pid 8816:tid 736] AH00354: Child: Starting 150 worker threads.
[Tue Apr 24 14:51:02.057352 2018] [php7:error] [pid 8816:tid 1928] [client ::1:50496] PHP Fatal error:  Maximum execution time of 30 seconds exceeded in C:\\xampp\\htdocs\\eat2go\\wordpress\\wp-includes\\Requests\\Transport\\cURL.php on line 463, referer: http://localhost/eat2go/wordpress/wp-admin/theme-install.php?theme=seolib
[Tue Apr 24 14:51:42.974754 2018] [php7:warn] [pid 8816:tid 1928] [client ::1:50503] PHP Warning:  An unexpected error occurred. Something may be wrong with WordPress.org or this server&#8217;s configuration. If you continue to have problems, please try the <a href="https://wordpress.org/support/">support forums</a>. (WordPress could not establish a secure connection to WordPress.org. Please contact your server administrator.) in C:\\xampp\\htdocs\\eat2go\\wordpress\\wp-includes\\update.php on line 529, referer: http://localhost/eat2go/wordpress/wp-admin/theme-install.php?theme=seolib
[Tue Apr 24 15:23:01.301019 2018] [php7:error] [pid 8816:tid 1888] [client ::1:51329] PHP Fatal error:  Maximum execution time of 30 seconds exceeded in C:\\xampp\\htdocs\\eat2go\\wordpress\\wp-admin\\includes\\class-wp-filesystem-direct.php on line 76, referer: http://localhost/eat2go/wordpress/wp-admin/plugin-install.php?s=rating&tab=search&type=term
[Tue Apr 24 15:24:28.909810 2018] [php7:error] [pid 8816:tid 1936] [client ::1:51358] PHP Fatal error:  Maximum execution time of 30 seconds exceeded in C:\\xampp\\htdocs\\eat2go\\wordpress\\wp-admin\\includes\\class-wp-filesystem-direct.php on line 76, referer: http://localhost/eat2go/wordpress/wp-admin/plugin-install.php?s=rating&tab=search&type=term
